0 info it worked if it ends with ok
1 verbose cli [ '/usr/local/bin/node',
1 verbose cli   '/usr/local/bin/npm',
1 verbose cli   'install',
1 verbose cli   '-g',
1 verbose cli   'ios-deploy' ]
2 info using npm@3.3.12
3 info using node@v5.5.0
4 silly loadCurrentTree Starting
5 silly install loadCurrentTree
6 silly install readGlobalPackageData
7 silly fetchPackageMetaData ios-deploy
8 silly fetchNamedPackageData ios-deploy
9 silly mapToRegistry name ios-deploy
10 silly mapToRegistry using default registry
11 silly mapToRegistry registry https://registry.npmjs.org/
12 silly mapToRegistry uri https://registry.npmjs.org/ios-deploy
13 verbose request uri https://registry.npmjs.org/ios-deploy
14 verbose request no auth needed
15 info attempt registry request try #1 at 2:06:08 PM
16 verbose request id 173374342fd5065b
17 http request GET https://registry.npmjs.org/ios-deploy
18 http 200 https://registry.npmjs.org/ios-deploy
19 verbose headers { server: 'CouchDB/1.5.0 (Erlang OTP/R16B03)',
19 verbose headers   etag: '"9UZRSW4VGSS2C1DLFQVPDNHID"',
19 verbose headers   'content-type': 'application/json',
19 verbose headers   'cache-control': 'max-age=300',
19 verbose headers   'content-length': '33949',
19 verbose headers   'accept-ranges': 'bytes',
19 verbose headers   date: 'Wed, 03 Feb 2016 20:06:09 GMT',
19 verbose headers   via: '1.1 varnish',
19 verbose headers   age: '52',
19 verbose headers   connection: 'keep-alive',
19 verbose headers   'x-served-by': 'cache-ord1731-ORD',
19 verbose headers   'x-cache': 'HIT',
19 verbose headers   'x-cache-hits': '1',
19 verbose headers   'x-timer': 'S1454529969.232551,VS0,VE1',
19 verbose headers   vary: 'Accept' }
20 silly get cb [ 200,
20 silly get   { server: 'CouchDB/1.5.0 (Erlang OTP/R16B03)',
20 silly get     etag: '"9UZRSW4VGSS2C1DLFQVPDNHID"',
20 silly get     'content-type': 'application/json',
20 silly get     'cache-control': 'max-age=300',
20 silly get     'content-length': '33949',
20 silly get     'accept-ranges': 'bytes',
20 silly get     date: 'Wed, 03 Feb 2016 20:06:09 GMT',
20 silly get     via: '1.1 varnish',
20 silly get     age: '52',
20 silly get     connection: 'keep-alive',
20 silly get     'x-served-by': 'cache-ord1731-ORD',
20 silly get     'x-cache': 'HIT',
20 silly get     'x-cache-hits': '1',
20 silly get     'x-timer': 'S1454529969.232551,VS0,VE1',
20 silly get     vary: 'Accept' } ]
21 verbose get saving ios-deploy to /Users/madhu/.npm/registry.npmjs.org/ios-deploy/.cache.json
22 silly install normalizeTree
23 silly loadCurrentTree Finishing
24 silly loadIdealTree Starting
25 silly install loadIdealTree
26 silly cloneCurrentTree Starting
27 silly install cloneCurrentTreeToIdealTree
28 silly cloneCurrentTree Finishing
29 silly loadShrinkwrap Starting
30 silly install loadShrinkwrap
31 silly loadShrinkwrap Finishing
32 silly loadAllDepsIntoIdealTree Starting
33 silly install loadAllDepsIntoIdealTree
34 silly resolveWithNewModule ios-deploy@1.8.4 checking installable status
35 silly cache add args [ 'ios-deploy', null ]
36 verbose cache add spec ios-deploy
37 silly cache add parsed spec Result {
37 silly cache add   raw: 'ios-deploy',
37 silly cache add   scope: null,
37 silly cache add   name: 'ios-deploy',
37 silly cache add   rawSpec: '',
37 silly cache add   spec: '*',
37 silly cache add   type: 'range' }
38 silly addNamed ios-deploy@*
39 verbose addNamed "*" is a valid semver range for ios-deploy
40 silly addNameRange { name: 'ios-deploy', range: '*', hasData: false }
41 silly mapToRegistry name ios-deploy
42 silly mapToRegistry using default registry
43 silly mapToRegistry registry https://registry.npmjs.org/
44 silly mapToRegistry uri https://registry.npmjs.org/ios-deploy
45 verbose addNameRange registry:https://registry.npmjs.org/ios-deploy not in flight; fetching
46 verbose get https://registry.npmjs.org/ios-deploy not expired, no request
47 silly addNameRange number 2 { name: 'ios-deploy', range: '*', hasData: true }
48 silly addNameRange versions [ 'ios-deploy',
48 silly addNameRange   [ '1.0.1',
48 silly addNameRange     '1.0.2',
48 silly addNameRange     '1.0.3',
48 silly addNameRange     '1.0.4',
48 silly addNameRange     '1.0.5',
48 silly addNameRange     '1.0.6',
48 silly addNameRange     '1.0.7',
48 silly addNameRange     '1.0.8',
48 silly addNameRange     '1.0.9',
48 silly addNameRange     '1.1.0',
48 silly addNameRange     '1.2.0',
48 silly addNameRange     '1.3.0',
48 silly addNameRange     '1.3.1',
48 silly addNameRange     '1.3.2',
48 silly addNameRange     '1.4.0',
48 silly addNameRange     '1.5.0',
48 silly addNameRange     '1.6.0',
48 silly addNameRange     '1.6.1',
48 silly addNameRange     '1.6.2',
48 silly addNameRange     '1.6.3',
48 silly addNameRange     '1.7.0',
48 silly addNameRange     '1.8.0',
48 silly addNameRange     '1.8.1',
48 silly addNameRange     '1.8.2',
48 silly addNameRange     '1.8.3',
48 silly addNameRange     '1.8.4' ] ]
49 silly addNamed ios-deploy@1.8.4
50 verbose addNamed "1.8.4" is a plain semver version for ios-deploy
51 silly mapToRegistry name ios-deploy
52 silly mapToRegistry using default registry
53 silly mapToRegistry registry https://registry.npmjs.org/
54 silly mapToRegistry uri https://registry.npmjs.org/ios-deploy
55 verbose addRemoteTarball https://registry.npmjs.org/ios-deploy/-/ios-deploy-1.8.4.tgz not in flight; adding
56 verbose addRemoteTarball [ 'https://registry.npmjs.org/ios-deploy/-/ios-deploy-1.8.4.tgz',
56 verbose addRemoteTarball   '2edc8ca78b512505af16bb178cdbc60fa524dabb' ]
57 info retry fetch attempt 1 at 2:06:09 PM
58 info attempt registry request try #1 at 2:06:09 PM
59 http fetch GET https://registry.npmjs.org/ios-deploy/-/ios-deploy-1.8.4.tgz
60 http fetch 200 https://registry.npmjs.org/ios-deploy/-/ios-deploy-1.8.4.tgz
61 silly fetchAndShaCheck shasum 2edc8ca78b512505af16bb178cdbc60fa524dabb
62 verbose addTmpTarball /tmp/npm-1126-111bbce2/registry.npmjs.org/ios-deploy/-/ios-deploy-1.8.4.tgz not in flight; adding
63 verbose addTmpTarball already have metadata; skipping unpack for ios-deploy@1.8.4
64 silly cache afterAdd ios-deploy@1.8.4
65 verbose afterAdd /Users/madhu/.npm/ios-deploy/1.8.4/package/package.json not in flight; writing
66 verbose afterAdd /Users/madhu/.npm/ios-deploy/1.8.4/package/package.json written
67 silly loadAllDepsIntoIdealTree Finishing
68 silly idealTree:prePrune lib
68 silly idealTree:prePrune └── ios-deploy@1.8.4
69 silly loadIdealTree Finishing
70 silly currentTree lib
71 silly idealTree lib
71 silly idealTree └── ios-deploy@1.8.4
72 silly generateActionsToTake Starting
73 silly install generateActionsToTake
74 silly generateActionsToTake Finishing
75 silly diffTrees action count 1
76 silly diffTrees add ios-deploy@1.8.4
77 silly decomposeActions action count 8
78 silly decomposeActions fetch ios-deploy@1.8.4
79 silly decomposeActions extract ios-deploy@1.8.4
80 silly decomposeActions preinstall ios-deploy@1.8.4
81 silly decomposeActions build ios-deploy@1.8.4
82 silly decomposeActions install ios-deploy@1.8.4
83 silly decomposeActions postinstall ios-deploy@1.8.4
84 silly decomposeActions test ios-deploy@1.8.4
85 silly decomposeActions finalize ios-deploy@1.8.4
86 silly executeActions Starting
87 silly install executeActions
88 silly doSerial global-install 0
89 silly doParallel fetch 1
90 verbose lock using /Users/madhu/.npm/_locks/staging-3a08f0df5026584d.lock for /usr/local/lib/node_modules/.staging
91 silly doParallel extract 1
92 silly extract ios-deploy@1.8.4
93 verbose unbuild lib/node_modules/.staging/ios-deploy-fbfd9f76b9a8909271fae167aab47715
94 silly gentlyRm /usr/local/lib/node_modules/.staging/ios-deploy-fbfd9f76b9a8909271fae167aab47715 is being purged from base /usr/local
95 verbose gentlyRm don't care about contents; nuking /usr/local/lib/node_modules/.staging/ios-deploy-fbfd9f76b9a8909271fae167aab47715
96 verbose tar unpack /Users/madhu/.npm/ios-deploy/1.8.4/package.tgz
97 verbose tar unpacking to /usr/local/lib/node_modules/.staging/ios-deploy-fbfd9f76b9a8909271fae167aab47715
98 silly gentlyRm /usr/local/lib/node_modules/.staging/ios-deploy-fbfd9f76b9a8909271fae167aab47715 is being purged
99 verbose gentlyRm don't care about contents; nuking /usr/local/lib/node_modules/.staging/ios-deploy-fbfd9f76b9a8909271fae167aab47715
100 silly gunzTarPerm modes [ '755', '644' ]
101 silly gunzTarPerm extractEntry package.json
102 silly gunzTarPerm extractEntry .npmignore
103 silly gunzTarPerm extractEntry README.md
104 silly gunzTarPerm extractEntry LICENSE
105 silly gunzTarPerm extractEntry CONTRIBUTING.md
106 silly gunzTarPerm extractEntry demo/.npmignore
107 silly gunzTarPerm extractEntry demo/Entitlements.plist
108 silly gunzTarPerm extractEntry demo/Info.plist
109 silly gunzTarPerm extractEntry demo/Makefile
110 silly gunzTarPerm extractEntry demo/ResourceRules.plist
111 silly gunzTarPerm extractEntry demo/demo.c
112 silly gunzTarPerm extractEntry ios-deploy.xcodeproj/project.pbxproj
113 silly gunzTarPerm extractEntry src/check_reqs.js
114 silly gunzTarPerm extractEntry src/MobileDevice.h
115 silly gunzTarPerm extractEntry src/errors.h
116 silly gunzTarPerm extractEntry src/ios-deploy.c
117 silly gunzTarPerm extractEntry src/lldb.py.h
118 silly gunzTarPerm extractEntry src/scripts/lldb.py
119 silly gunzTarPerm extractEntry src/version.h
120 silly doParallel preinstall 1
121 silly preinstall ios-deploy@1.8.4 /usr/local/lib/node_modules/.staging/ios-deploy-fbfd9f76b9a8909271fae167aab47715
122 info lifecycle ios-deploy@1.8.4~preinstall: ios-deploy@1.8.4
123 warn lifecycle ios-deploy@1.8.4~preinstall: cannot run in wd %s %s (wd=%s) ios-deploy@1.8.4 ./src/check_reqs.js && xcodebuild /usr/local/lib/node_modules/.staging/ios-deploy-fbfd9f76b9a8909271fae167aab47715
124 silly doReverseSerial remove 0
125 silly doSerial move 0
126 silly doSerial finalize 1
127 silly finalize /usr/local/lib/node_modules/ios-deploy
128 silly doSerial build 1
129 silly build ios-deploy@1.8.4
130 info linkStuff ios-deploy@1.8.4
131 silly linkStuff ios-deploy@1.8.4 has /usr/local/lib/node_modules as its parent node_modules
132 silly linkStuff ios-deploy@1.8.4 is part of a global install
133 silly linkStuff ios-deploy@1.8.4 is installed into a global node_modules
134 silly linkStuff ios-deploy@1.8.4 is installed into the top-level global node_modules
135 verbose linkBins ios-deploy@1.8.4
136 verbose link bins [ { 'ios-deploy': './build/Release/ios-deploy' },
136 verbose link bins   '/usr/local/bin',
136 verbose link bins   true ]
137 verbose linkMans ios-deploy@1.8.4
138 verbose unlock done using /Users/madhu/.npm/_locks/staging-3a08f0df5026584d.lock for /usr/local/lib/node_modules/.staging
139 silly rollbackFailedOptional Starting
140 silly rollbackFailedOptional Finishing
141 silly runTopLevelLifecycles Starting
142 silly runTopLevelLifecycles Finishing
143 silly install printInstalled
144 verbose stack Error: ENOENT: no such file or directory, chmod '/usr/local/lib/node_modules/ios-deploy/build/Release/ios-deploy'
144 verbose stack     at Error (native)
145 verbose cwd /Users/madhu/Documents/projects/hipoki/prototype_front_end
146 error Darwin 15.2.0
147 error argv "/usr/local/bin/node" "/usr/local/bin/npm" "install" "-g" "ios-deploy"
148 error node v5.5.0
149 error npm  v3.3.12
150 error path /usr/local/lib/node_modules/ios-deploy/build/Release/ios-deploy
151 error code ENOENT
152 error errno -2
153 error syscall chmod
154 error enoent ENOENT: no such file or directory, chmod '/usr/local/lib/node_modules/ios-deploy/build/Release/ios-deploy'
154 error enoent This is most likely not a problem with npm itself
154 error enoent and is related to npm not being able to find a file.
155 verbose exit [ -2, true ]
